[1, 3233],
[1, 3382],
[1, 3472],
[1, 4079],
[1, 3597],
[1, 3375],
[1, 3157],
[1, 3179],
[1, 3148],
[1, 3177],
[1, 3196],
[1, 3374],
[1, 3155],
[1, 3172],
[1, 3305],
[1, 3210],
[1, 3310],
[1, 3233],
[1, 3440],
[1, 3659],
[1, 3256],
[1, 3163],
[1, 3601],
[1, 3180],
[1, 3449],
[1, 3261],
[1, 3154],
[1, 3226],
[1, 3208],
[1, 3735],
[1, 3854],
[1, 3663],
[1, 3518],
[1, 3240],
[1, 3364],
[1, 3449],
[1, 3476],
[1, 3474],
[1, 3157],
[1, 3646],
[1, 3548],
[1, 3555],
[1, 3442],
[1, 3299],
[1, 3500],
[1, 3440],
[1, 3935],
[1, 3366],
[1, 3228],
[1, 3718],
[1, 3688],
[1, 3321],
[1, 3708],
[1, 3878],
[1, 3605],
[1, 3322],
[1, 3495],
[1, 3333],
[1, 4455],
[1, 3411],
[1, 3466],
[1, 3326],
[1, 3609],
[1, 3352],
[1, 3336],
[1, 3585],
[1, 3877],
[1, 3301],
[1, 3461],
[1, 3413],
[1, 3400],
[1, 3458],
[1, 3251],
[1, 3328],
[1, 3587],
[1, 3535],
[1, 3268],
[1, 3247],
[1, 3347],
[1, 3426],
[1, 3406],
[1, 3295],
[1, 3532],
[1, 3880],
[1, 3388],
[1, 3303],
[1, 3304],
[1, 3364],
[1, 3710],
[1, 3252],
[1, 3173],
[1, 3140],
[1, 3300],
[1, 3406],
[1, 3243],
[1, 3376],
[1, 3169],
[1, 3401],
[1, 3265],
[1, 3398],
