[1, 5108],
[2, 4353],
[3, 3583],
[4, 3439],
[5, 3139],
[6, 3563],
[7, 2933],
[8, 3391],
[9, 3110],
[10, 2495],
[11, 3139],
[12, 2865],
[13, 2507],
[14, 2331],
[15, 2831],
[16, 2847],
[17, 2724],
[18, 2768],
[19, 2966],
[20, 2450],
[21, 2697],
[22, 2471],
[23, 2649],
[24, 2583],
[25, 2976],
[26, 2816],
[27, 3147],
[28, 2610],
[29, 2760],
[30, 2578],
[31, 3623],
[32, 2897],
[33, 2721],
[34, 3009],
[35, 2693],
[36, 3072],
[37, 2837],
[38, 2463],
[39, 2451],
[40, 2489],
[41, 3116],
[42, 2780],
[43, 2486],
[44, 2688],
[45, 2593],
[46, 2577],
[47, 2497],
[48, 2594],
[49, 2493],
[50, 3555],
[51, 2481],
[52, 2504],
[53, 2658],
[54, 2510],
[55, 2515],
[56, 2500],
[57, 2501],
[58, 2506],
[59, 2813],
[60, 2526],
[61, 2499],
[62, 2494],
[63, 2530],
[64, 2515],
[65, 2804],
[66, 2512],
[67, 2512],
[68, 2518],
[69, 2521],
[70, 2513],
[71, 2515],
[72, 2891],
[73, 2516],
[74, 2516],
[75, 2529],
[76, 2515],
[77, 2515],
[78, 2517],
[79, 2509],
[80, 2520],
[81, 2579],
[82, 2521],
[83, 2538],
[84, 2524],
[85, 2512],
[86, 2536],
[87, 2536],
[88, 2512],
[89, 2519],
[90, 2516],
[91, 2527],
[92, 2536],
[93, 2518],
[94, 2530],
[95, 2530],
[96, 2598],
[97, 2540],
[98, 2546],
[99, 2524],
[100, 2533],
